[2025-03-26 01:40:48,520] [INFO] django.utils.autoreload: Watching for file changes with StatReloader
[2025-03-26 01:41:17,046] [WARNING] django.request: Not Found: /favicon.ico
[2025-03-26 01:41:17,047] [WARNING] django.server: "GET /favicon.ico HTTP/1.1" 404 2438
[2025-03-26 01:41:17,589] [WARNING] django.request: Not Found: /logo192.png
[2025-03-26 01:41:17,590] [WARNING] django.server: "GET /logo192.png HTTP/1.1" 404 2438
[2025-03-26 01:41:21,121] [INFO] django.server: "OPTIONS /api/images/admin/images/ HTTP/1.1" 200 0
[2025-03-26 01:41:31,736] [INFO] django.server: "GET /api/images/admin/images/ HTTP/1.1" 200 4447
[2025-03-26 01:41:31,760] [INFO] django.server: "OPTIONS /api/images/20/file/ HTTP/1.1" 200 0
[2025-03-26 01:41:33,733] [INFO] django.server: "GET /api/images/20/file/ HTTP/1.1" 200 926776
[2025-03-26 01:41:33,741] [INFO] django.server: "OPTIONS /api/images/19/file/ HTTP/1.1" 200 0
[2025-03-26 01:41:35,238] [INFO] django.server: "GET /api/images/19/file/ HTTP/1.1" 200 2376929
[2025-03-26 01:41:35,556] [INFO] django.server: "OPTIONS /api/images/18/file/ HTTP/1.1" 200 0
[2025-03-26 01:41:38,978] [INFO] django.server: "GET /api/images/18/file/ HTTP/1.1" 200 3140244
[2025-03-26 01:41:38,989] [INFO] django.server: "OPTIONS /api/images/17/file/ HTTP/1.1" 200 0
[2025-03-26 01:41:42,469] [INFO] django.server: "GET /api/images/17/file/ HTTP/1.1" 200 2284140
[2025-03-26 01:41:42,781] [INFO] django.server: "OPTIONS /api/images/16/file/ HTTP/1.1" 200 0
[2025-03-26 01:41:43,598] [INFO] django.server: "GET /api/images/16/file/ HTTP/1.1" 200 709970
[2025-03-26 01:41:43,604] [INFO] django.server: "OPTIONS /api/images/15/file/ HTTP/1.1" 200 0
[2025-03-26 01:41:43,990] [INFO] django.server: "GET /api/images/15/file/ HTTP/1.1" 200 1432247
[2025-03-26 01:41:44,299] [INFO] django.server: "OPTIONS /api/images/14/file/ HTTP/1.1" 200 0
[2025-03-26 01:41:44,408] [INFO] django.server: "GET /api/images/14/file/ HTTP/1.1" 200 4765
[2025-03-26 01:41:44,567] [INFO] django.server: "OPTIONS /api/images/13/file/ HTTP/1.1" 200 0
[2025-03-26 01:41:44,700] [INFO] django.server: "GET /api/images/13/file/ HTTP/1.1" 200 9400
[2025-03-26 01:41:44,722] [INFO] django.server: "OPTIONS /api/images/12/file/ HTTP/1.1" 200 0
[2025-03-26 01:41:44,903] [INFO] django.server: "GET /api/images/12/file/ HTTP/1.1" 200 1035181
[2025-03-26 01:41:45,020] [INFO] django.server: "OPTIONS /api/images/11/file/ HTTP/1.1" 200 0
[2025-03-26 01:41:45,209] [INFO] django.server: "GET /api/images/11/file/ HTTP/1.1" 200 93150
[2025-03-26 01:42:22,268] [INFO] django.server: "OPTIONS /api/images/upload/ HTTP/1.1" 200 0
[2025-03-26 01:42:37,555] [INFO] django.server: "POST /api/images/upload/ HTTP/1.1" 201 441
[2025-03-26 01:42:37,562] [INFO] django.server: "OPTIONS /api/images/21/file/ HTTP/1.1" 200 0
[2025-03-26 01:42:37,681] [INFO] django.server: "GET /api/images/21/file/ HTTP/1.1" 200 25949
[2025-03-26 01:42:53,682] [INFO] django.server: "GET /api/images/20/file/ HTTP/1.1" 200 926776
[2025-03-26 01:43:02,434] [INFO] django.server: "GET /api/images/admin/images/ HTTP/1.1" 200 4447
[2025-03-26 01:43:02,469] [INFO] django.server: "GET /api/images/19/file/ HTTP/1.1" 200 2376929
[2025-03-26 01:43:02,548] [INFO] django.server: "GET /api/images/21/file/ HTTP/1.1" 200 25949
[2025-03-26 01:43:07,123] [INFO] django.server: "GET /api/images/20/file/ HTTP/1.1" 200 926776
[2025-03-26 01:43:07,156] [INFO] django.server: "GET /api/images/18/file/ HTTP/1.1" 200 3140244
[2025-03-26 01:43:11,531] [INFO] django.server: "GET /api/images/17/file/ HTTP/1.1" 200 2284140
[2025-03-26 01:43:11,532] [INFO] django.server: "GET /api/images/19/file/ HTTP/1.1" 200 2376929
[2025-03-26 01:43:12,340] [INFO] django.server: "GET /api/images/16/file/ HTTP/1.1" 200 709970
[2025-03-26 01:43:14,512] [INFO] django.server: "GET /api/images/15/file/ HTTP/1.1" 200 1432247
[2025-03-26 01:43:14,537] [INFO] django.server: "GET /api/images/18/file/ HTTP/1.1" 200 3140244
[2025-03-26 01:43:14,939] [INFO] django.server: "GET /api/images/14/file/ HTTP/1.1" 200 4765
[2025-03-26 01:43:15,390] [INFO] django.server: "GET /api/images/13/file/ HTTP/1.1" 200 9400
[2025-03-26 01:43:15,876] [INFO] django.server: "GET /api/images/12/file/ HTTP/1.1" 200 1035181
[2025-03-26 01:43:18,519] [INFO] django.server: "GET /api/images/17/file/ HTTP/1.1" 200 2284140
[2025-03-26 01:43:18,654] [INFO] django.server: "GET /api/images/11/file/ HTTP/1.1" 200 93150
[2025-03-26 01:43:19,310] [INFO] django.server: "GET /api/images/16/file/ HTTP/1.1" 200 709970
[2025-03-26 01:43:19,981] [INFO] django.server: "GET /api/images/15/file/ HTTP/1.1" 200 1432247
[2025-03-26 01:43:20,076] [INFO] django.server: "GET /api/images/14/file/ HTTP/1.1" 200 4765
[2025-03-26 01:43:20,506] [INFO] django.server: "GET /api/images/13/file/ HTTP/1.1" 200 9400
[2025-03-26 01:43:20,818] [INFO] django.server: "GET /api/images/12/file/ HTTP/1.1" 200 1035181
[2025-03-26 01:43:46,517] [INFO] django.utils.autoreload: Watching for file changes with StatReloader
[2025-03-26 01:51:47,192] [INFO] django.utils.autoreload: F:\MyProject\backend\django_backend\settings.py changed, reloading.
[2025-03-26 01:51:48,593] [INFO] django.utils.autoreload: Watching for file changes with StatReloader
[2025-03-26 01:53:24,651] [INFO] django.utils.autoreload: F:\MyProject\backend\django_backend\settings.py changed, reloading.
[2025-03-26 01:53:25,605] [INFO] django.utils.autoreload: Watching for file changes with StatReloader
[2025-03-26 01:56:32,572] [INFO] django.utils.autoreload: Watching for file changes with StatReloader
[2025-03-26 01:57:25,319] [INFO] django.utils.autoreload: Watching for file changes with StatReloader
[2025-03-26 01:58:07,819] [INFO] django.utils.autoreload: F:\MyProject\backend\django_backend\settings.py changed, reloading.
[2025-03-26 01:58:08,792] [INFO] django.utils.autoreload: Watching for file changes with StatReloader
[2025-03-26 01:58:59,469] [INFO] django.utils.autoreload: F:\MyProject\backend\django_backend\settings.py changed, reloading.
[2025-03-26 01:59:00,676] [INFO] django.utils.autoreload: Watching for file changes with StatReloader
[2025-03-26 01:59:36,734] [INFO] django.server: "POST /api/images/upload/ HTTP/1.1" 201 441
[2025-03-26 01:59:36,739] [INFO] django.server: "OPTIONS /api/images/22/file/ HTTP/1.1" 200 0
[2025-03-26 01:59:36,856] [INFO] django.server: "GET /api/images/22/file/ HTTP/1.1" 200 27588
[2025-03-26 02:00:14,087] [WARNING] django.request: Bad Request: /api/images/upload/
[2025-03-26 02:00:14,089] [WARNING] django.server: "POST /api/images/upload/ HTTP/1.1" 400 127
[2025-03-26 02:00:42,375] [WARNING] django.request: Bad Request: /api/images/upload/
[2025-03-26 02:00:42,375] [WARNING] django.server: "POST /api/images/upload/ HTTP/1.1" 400 142
[2025-03-26 02:01:00,588] [INFO] django.server: "GET /api/images/21/file/ HTTP/1.1" 200 25949
[2025-03-26 02:01:02,949] [INFO] django.server: "GET /api/images/20/file/ HTTP/1.1" 200 926776
[2025-03-26 02:01:10,423] [INFO] django.server: "GET /api/images/admin/images/ HTTP/1.1" 200 4447
[2025-03-26 02:01:10,533] [INFO] django.server: "GET /api/images/22/file/ HTTP/1.1" 200 27588
[2025-03-26 02:01:10,968] [INFO] django.server: "GET /api/images/21/file/ HTTP/1.1" 200 25949
[2025-03-26 02:01:12,138] [INFO] django.server: "GET /api/images/19/file/ HTTP/1.1" 200 2376929
[2025-03-26 02:01:16,632] [INFO] django.server: "GET /api/images/20/file/ HTTP/1.1" 200 926776
[2025-03-26 02:01:16,674] [INFO] django.server: "GET /api/images/18/file/ HTTP/1.1" 200 3140244
[2025-03-26 02:01:20,847] [INFO] django.server: "GET /api/images/17/file/ HTTP/1.1" 200 2284140
[2025-03-26 02:01:20,850] [INFO] django.server: "GET /api/images/19/file/ HTTP/1.1" 200 2376929
[2025-03-26 02:01:23,587] [INFO] django.server: "GET /api/images/16/file/ HTTP/1.1" 200 709970
[2025-03-26 02:01:23,652] [INFO] django.server: "GET /api/images/18/file/ HTTP/1.1" 200 3140244
[2025-03-26 02:01:23,964] [INFO] django.server: "GET /api/images/15/file/ HTTP/1.1" 200 1432247
[2025-03-26 02:01:24,370] [INFO] django.server: "GET /api/images/14/file/ HTTP/1.1" 200 4765
[2025-03-26 02:01:24,810] [INFO] django.server: "GET /api/images/13/file/ HTTP/1.1" 200 9400
[2025-03-26 02:01:27,585] [INFO] django.server: "GET /api/images/17/file/ HTTP/1.1" 200 2284140
[2025-03-26 02:01:27,722] [INFO] django.server: "GET /api/images/12/file/ HTTP/1.1" 200 1035181
[2025-03-26 02:01:28,374] [INFO] django.server: "GET /api/images/16/file/ HTTP/1.1" 200 709970
[2025-03-26 02:01:29,062] [INFO] django.server: "GET /api/images/15/file/ HTTP/1.1" 200 1432247
[2025-03-26 02:01:29,162] [INFO] django.server: "GET /api/images/14/file/ HTTP/1.1" 200 4765
[2025-03-26 02:01:29,595] [INFO] django.server: "GET /api/images/13/file/ HTTP/1.1" 200 9400
[2025-03-26 02:01:54,686] [INFO] django.server: "POST /api/images/upload/ HTTP/1.1" 201 441
[2025-03-26 02:01:55,007] [INFO] django.server: "OPTIONS /api/images/23/file/ HTTP/1.1" 200 0
[2025-03-26 02:01:55,174] [INFO] django.server: "GET /api/images/23/file/ HTTP/1.1" 200 62273
[2025-03-26 02:02:29,597] [INFO] django.server: "POST /api/images/upload/ HTTP/1.1" 201 441
[2025-03-26 02:02:29,605] [INFO] django.server: "OPTIONS /api/images/24/file/ HTTP/1.1" 200 0
[2025-03-26 02:02:29,807] [INFO] django.server: "GET /api/images/24/file/ HTTP/1.1" 200 98083
[2025-03-27 00:42:54,807] [INFO] django.utils.autoreload: Watching for file changes with StatReloader
[2025-03-27 00:43:14,206] [WARNING] django.request: Not Found: /favicon.ico
[2025-03-27 00:43:14,207] [WARNING] django.server: "GET /favicon.ico HTTP/1.1" 404 2438
[2025-03-27 00:43:14,448] [INFO] django.server: "OPTIONS /api/images/admin/images/ HTTP/1.1" 200 0
[2025-03-27 00:43:14,501] [WARNING] django.request: Unauthorized: /api/images/admin/images/
[2025-03-27 00:43:14,502] [WARNING] django.server: "GET /api/images/admin/images/ HTTP/1.1" 401 183
[2025-03-27 00:43:14,508] [INFO] django.server: "OPTIONS /api/auth/token/refresh/ HTTP/1.1" 200 0
[2025-03-27 00:43:14,512] [INFO] django.server: "POST /api/auth/token/refresh/ HTTP/1.1" 200 218
[2025-03-27 00:43:30,671] [INFO] django.server: "GET /api/images/admin/images/ HTTP/1.1" 200 4446
[2025-03-27 00:43:30,700] [INFO] django.server: "OPTIONS /api/images/24/file/ HTTP/1.1" 200 0
[2025-03-27 00:43:30,959] [INFO] django.server: "GET /api/images/24/file/ HTTP/1.1" 200 98083
[2025-03-27 00:43:30,968] [INFO] django.server: "OPTIONS /api/images/23/file/ HTTP/1.1" 200 0
[2025-03-27 00:43:31,157] [INFO] django.server: "GET /api/images/23/file/ HTTP/1.1" 200 62273
[2025-03-27 00:43:31,486] [INFO] django.server: "OPTIONS /api/images/22/file/ HTTP/1.1" 200 0
[2025-03-27 00:43:31,609] [INFO] django.server: "GET /api/images/22/file/ HTTP/1.1" 200 27588
[2025-03-27 00:43:31,752] [INFO] django.server: "OPTIONS /api/images/21/file/ HTTP/1.1" 200 0
[2025-03-27 00:43:31,876] [INFO] django.server: "GET /api/images/21/file/ HTTP/1.1" 200 25949
[2025-03-27 00:43:31,932] [INFO] django.server: "OPTIONS /api/images/20/file/ HTTP/1.1" 200 0
[2025-03-27 00:43:36,850] [INFO] django.server: "GET /api/images/20/file/ HTTP/1.1" 200 926776
[2025-03-27 00:43:36,866] [INFO] django.server: "OPTIONS /api/images/19/file/ HTTP/1.1" 200 0
[2025-03-27 00:43:38,919] [INFO] django.server: "GET /api/images/19/file/ HTTP/1.1" 200 2376929
[2025-03-27 00:43:39,247] [INFO] django.server: "OPTIONS /api/images/18/file/ HTTP/1.1" 200 0
[2025-03-27 00:43:43,617] [INFO] django.server: "GET /api/images/18/file/ HTTP/1.1" 200 3140244
[2025-03-27 00:43:43,626] [INFO] django.server: "OPTIONS /api/images/17/file/ HTTP/1.1" 200 0
[2025-03-27 00:43:49,098] [INFO] django.server: "GET /api/images/17/file/ HTTP/1.1" 200 2284140
[2025-03-27 00:43:49,419] [INFO] django.server: "OPTIONS /api/images/16/file/ HTTP/1.1" 200 0
[2025-03-27 00:43:50,091] [INFO] django.server: "GET /api/images/16/file/ HTTP/1.1" 200 709970
[2025-03-27 00:43:50,097] [INFO] django.server: "OPTIONS /api/images/15/file/ HTTP/1.1" 200 0
[2025-03-27 00:43:51,469] [INFO] django.server: "GET /api/images/15/file/ HTTP/1.1" 200 1432247
[2025-03-27 00:48:06,376] [INFO] django.server: "GET /api/images/24/file/ HTTP/1.1" 200 98083
[2025-03-27 00:48:06,589] [INFO] django.server: "GET /api/images/23/file/ HTTP/1.1" 200 62273
[2025-03-27 00:48:06,801] [INFO] django.server: "GET /api/images/22/file/ HTTP/1.1" 200 27588
[2025-03-27 00:48:07,014] [INFO] django.server: "GET /api/images/21/file/ HTTP/1.1" 200 25949
[2025-03-27 00:48:23,144] [INFO] django.server: "GET /api/images/admin/images/ HTTP/1.1" 200 4446
[2025-03-27 00:48:23,173] [INFO] django.server: "GET /api/images/20/file/ HTTP/1.1" 200 926776
[2025-03-27 00:48:23,374] [INFO] django.server: "GET /api/images/24/file/ HTTP/1.1" 200 98083
[2025-03-27 00:48:27,294] [INFO] django.server: "GET /api/images/23/file/ HTTP/1.1" 200 62273
[2025-03-27 00:48:27,352] [INFO] django.server: "GET /api/images/19/file/ HTTP/1.1" 200 2376929
[2025-03-27 00:48:27,715] [INFO] django.server: "GET /api/images/22/file/ HTTP/1.1" 200 27588
[2025-03-27 00:48:28,246] [INFO] django.server: "GET /api/images/21/file/ HTTP/1.1" 200 25949
[2025-03-27 00:48:31,590] [INFO] django.server: "GET /api/images/18/file/ HTTP/1.1" 200 3140244
[2025-03-27 00:48:39,525] [INFO] django.server: "GET /api/images/20/file/ HTTP/1.1" 200 926776
[2025-03-27 00:48:39,566] [INFO] django.server: "GET /api/images/17/file/ HTTP/1.1" 200 2284140
[2025-03-27 00:48:43,298] [INFO] django.server: "GET /api/images/16/file/ HTTP/1.1" 200 709970
[2025-03-27 00:48:43,351] [INFO] django.server: "GET /api/images/19/file/ HTTP/1.1" 200 2376929
[2025-03-27 00:48:44,109] [INFO] django.server: "GET /api/images/15/file/ HTTP/1.1" 200 1432247
[2025-03-27 00:48:47,738] [INFO] django.server: "GET /api/images/18/file/ HTTP/1.1" 200 3140244
[2025-03-27 00:48:54,290] [INFO] django.server: "GET /api/images/17/file/ HTTP/1.1" 200 2284140
[2025-03-27 00:48:54,984] [INFO] django.server: "GET /api/images/16/file/ HTTP/1.1" 200 709970
[2025-03-27 00:48:56,500] [INFO] django.server: "GET /api/images/15/file/ HTTP/1.1" 200 1432247
[2025-03-27 01:02:07,742] [INFO] django.server: "GET /api/images/24/file/ HTTP/1.1" 200 98083
[2025-03-27 01:02:07,921] [INFO] django.server: "GET /api/images/23/file/ HTTP/1.1" 200 62273
[2025-03-27 01:02:08,356] [INFO] django.server: "GET /api/images/22/file/ HTTP/1.1" 200 27588
[2025-03-27 01:02:08,785] [INFO] django.server: "GET /api/images/21/file/ HTTP/1.1" 200 25949
[2025-03-27 01:02:24,403] [INFO] django.server: "GET /api/images/admin/images/ HTTP/1.1" 200 4446
[2025-03-27 01:02:24,428] [INFO] django.server: "GET /api/images/20/file/ HTTP/1.1" 200 926776
[2025-03-27 01:02:28,351] [INFO] django.server: "GET /api/images/19/file/ HTTP/1.1" 200 2376929
[2025-03-27 01:02:32,278] [WARNING] django.request: Not Found: /favicon.ico
[2025-03-27 01:02:32,282] [WARNING] django.server: "GET /favicon.ico HTTP/1.1" 404 2438
[2025-03-27 01:02:32,391] [INFO] django.server: "GET /api/images/18/file/ HTTP/1.1" 200 3140244
[2025-03-27 01:02:32,662] [WARNING] django.request: Not Found: /logo192.png
[2025-03-27 01:02:32,664] [WARNING] django.server: "GET /logo192.png HTTP/1.1" 404 2438
[2025-03-27 01:02:32,948] [INFO] django.server: "GET /api/images/24/file/ HTTP/1.1" 200 98083
[2025-03-27 01:02:33,418] [INFO] django.server: "GET /api/images/23/file/ HTTP/1.1" 200 62273
[2025-03-27 01:02:48,867] [INFO] django.server: "GET /api/images/22/file/ HTTP/1.1" 200 27588
[2025-03-27 01:02:49,600] [INFO] django.server: "GET /api/images/admin/images/ HTTP/1.1" 200 4446
[2025-03-27 01:02:49,671] [INFO] django.server: "GET /api/images/17/file/ HTTP/1.1" 200 2284140
[2025-03-27 01:02:49,708] [INFO] django.server: "GET /api/images/21/file/ HTTP/1.1" 200 25949
[2025-03-27 01:02:49,865] [INFO] django.server: "GET /api/images/24/file/ HTTP/1.1" 200 98083
[2025-03-27 01:02:55,166] [INFO] django.server: "GET /api/images/23/file/ HTTP/1.1" 200 62273
[2025-03-27 01:02:55,179] [INFO] django.server: "GET /api/images/16/file/ HTTP/1.1" 200 709970
[2025-03-27 01:02:55,189] [INFO] django.server: "GET /api/images/20/file/ HTTP/1.1" 200 926776
[2025-03-27 01:02:55,667] [INFO] django.server: "GET /api/images/22/file/ HTTP/1.1" 200 27588
[2025-03-27 01:02:56,056] [INFO] django.server: "GET /api/images/15/file/ HTTP/1.1" 200 1432247
[2025-03-27 01:02:58,293] [INFO] django.server: "GET /api/images/21/file/ HTTP/1.1" 200 25949
[2025-03-27 01:02:58,357] [INFO] django.server: "GET /api/images/19/file/ HTTP/1.1" 200 2376929
[2025-03-27 01:03:04,329] [INFO] django.server: "OPTIONS /api/images/upload/ HTTP/1.1" 200 0
[2025-03-27 01:03:04,376] [INFO] django.server: "GET /api/images/20/file/ HTTP/1.1" 200 926776
[2025-03-27 01:03:04,461] [INFO] django.server: "GET /api/images/18/file/ HTTP/1.1" 200 3140244
[2025-03-27 01:03:28,300] [INFO] django.server: "GET /api/images/17/file/ HTTP/1.1" 200 2284140
[2025-03-27 01:03:28,311] [INFO] django.server: "GET /api/images/19/file/ HTTP/1.1" 200 2376929
[2025-03-27 01:03:32,435] [INFO] django.server: "GET /api/images/16/file/ HTTP/1.1" 200 709970
[2025-03-27 01:03:33,359] [INFO] django.server: "GET /api/images/18/file/ HTTP/1.1" 200 3140244
[2025-03-27 01:03:33,761] [INFO] django.server: "GET /api/images/15/file/ HTTP/1.1" 200 1432247
[2025-03-27 01:03:39,964] [INFO] django.server: "GET /api/images/17/file/ HTTP/1.1" 200 2284140
[2025-03-27 01:03:40,981] [INFO] django.server: "GET /api/images/16/file/ HTTP/1.1" 200 709970
[2025-03-27 01:03:42,309] [INFO] django.server: "GET /api/images/15/file/ HTTP/1.1" 200 1432247
[2025-03-27 01:03:43,925] [INFO] django.server: "POST /api/images/upload/ HTTP/1.1" 201 441
[2025-03-27 01:03:43,933] [INFO] django.server: "OPTIONS /api/images/25/file/ HTTP/1.1" 200 0
[2025-03-27 01:03:44,105] [INFO] django.server: "GET /api/images/25/file/ HTTP/1.1" 200 46396
[2025-03-27 01:03:56,584] [WARNING] django.request: Not Found: /favicon.ico
[2025-03-27 01:03:56,587] [WARNING] django.server: "GET /favicon.ico HTTP/1.1" 404 2438
[2025-03-27 01:03:57,514] [WARNING] django.request: Not Found: /logo192.png
[2025-03-27 01:03:57,515] [WARNING] django.server: "GET /logo192.png HTTP/1.1" 404 2438
[2025-03-27 01:04:12,299] [INFO] django.server: "GET /api/images/admin/images/ HTTP/1.1" 200 4446
[2025-03-27 01:04:12,503] [INFO] django.server: "GET /api/images/25/file/ HTTP/1.1" 200 46396
[2025-03-27 01:04:12,739] [INFO] django.server: "GET /api/images/24/file/ HTTP/1.1" 200 98083
[2025-03-27 01:04:13,258] [INFO] django.server: "GET /api/images/23/file/ HTTP/1.1" 200 62273
[2025-03-27 01:04:13,433] [INFO] django.server: "GET /api/images/22/file/ HTTP/1.1" 200 27588
[2025-03-27 01:04:13,698] [INFO] django.server: "GET /api/images/21/file/ HTTP/1.1" 200 25949
[2025-03-27 01:04:18,715] [INFO] django.server: "GET /api/images/20/file/ HTTP/1.1" 200 926776
[2025-03-27 01:04:21,426] [INFO] django.server: "GET /api/images/19/file/ HTTP/1.1" 200 2376929
[2025-03-27 01:04:25,759] [INFO] django.server: "GET /api/images/18/file/ HTTP/1.1" 200 3140244
[2025-03-27 01:04:31,030] [INFO] django.server: "GET /api/images/17/file/ HTTP/1.1" 200 2284140
[2025-03-27 01:04:32,649] [INFO] django.server: "GET /api/images/16/file/ HTTP/1.1" 200 709970
[2025-03-27 01:13:24,695] [INFO] django.server: "POST /api/images/upload/ HTTP/1.1" 201 440
[2025-03-27 01:13:24,705] [INFO] django.server: "OPTIONS /api/images/26/file/ HTTP/1.1" 200 0
[2025-03-27 01:13:24,825] [INFO] django.server: "GET /api/images/26/file/ HTTP/1.1" 200 25737
[2025-03-27 01:14:00,952] [INFO] django.server: "GET /api/images/admin/images/ HTTP/1.1" 200 4445
[2025-03-27 06:23:30,192] [WARNING] django.request: Not Found: /favicon.ico
[2025-03-27 06:23:30,195] [WARNING] django.server: "GET /favicon.ico HTTP/1.1" 404 2438
[2025-03-27 06:23:30,514] [INFO] django.server: "OPTIONS /api/images/admin/images/ HTTP/1.1" 200 0
[2025-03-27 06:23:31,179] [WARNING] django.request: Not Found: /logo192.png
[2025-03-27 06:23:31,180] [WARNING] django.server: "GET /logo192.png HTTP/1.1" 404 2438
[2025-03-27 06:23:42,404] [INFO] django.server: "GET /api/images/admin/images/ HTTP/1.1" 200 4445
[2025-03-27 06:23:42,415] [INFO] django.server: "OPTIONS /api/images/26/file/ HTTP/1.1" 200 0
[2025-03-27 06:23:42,526] [INFO] django.server: "GET /api/images/26/file/ HTTP/1.1" 200 25737
[2025-03-27 06:23:42,534] [INFO] django.server: "OPTIONS /api/images/25/file/ HTTP/1.1" 200 0
[2025-03-27 06:23:42,692] [INFO] django.server: "GET /api/images/25/file/ HTTP/1.1" 200 46396
[2025-03-27 06:23:43,011] [INFO] django.server: "OPTIONS /api/images/24/file/ HTTP/1.1" 200 0
[2025-03-27 06:23:44,006] [INFO] django.server: "GET /api/images/24/file/ HTTP/1.1" 200 98083
[2025-03-27 06:23:44,013] [INFO] django.server: "OPTIONS /api/images/23/file/ HTTP/1.1" 200 0
[2025-03-27 06:23:44,178] [INFO] django.server: "GET /api/images/23/file/ HTTP/1.1" 200 62273
[2025-03-27 06:23:44,495] [INFO] django.server: "OPTIONS /api/images/22/file/ HTTP/1.1" 200 0
[2025-03-27 06:23:44,606] [INFO] django.server: "GET /api/images/22/file/ HTTP/1.1" 200 27588
[2025-03-27 06:23:44,759] [INFO] django.server: "OPTIONS /api/images/21/file/ HTTP/1.1" 200 0
[2025-03-27 06:23:44,869] [INFO] django.server: "GET /api/images/21/file/ HTTP/1.1" 200 25949
[2025-03-27 06:23:44,932] [INFO] django.server: "OPTIONS /api/images/20/file/ HTTP/1.1" 200 0
[2025-03-27 06:23:46,972] [INFO] django.server: "GET /api/images/20/file/ HTTP/1.1" 200 926776
[2025-03-27 06:23:46,983] [INFO] django.server: "OPTIONS /api/images/19/file/ HTTP/1.1" 200 0
[2025-03-27 06:23:48,427] [INFO] django.server: "GET /api/images/19/file/ HTTP/1.1" 200 2376929
[2025-03-27 06:23:48,747] [INFO] django.server: "OPTIONS /api/images/18/file/ HTTP/1.1" 200 0
[2025-03-27 06:23:51,379] [INFO] django.server: "GET /api/images/18/file/ HTTP/1.1" 200 3140244
[2025-03-27 06:23:51,389] [INFO] django.server: "OPTIONS /api/images/17/file/ HTTP/1.1" 200 0
[2025-03-27 06:23:54,822] [INFO] django.server: "GET /api/images/17/file/ HTTP/1.1" 200 2284140
[2025-03-30 06:31:03,619] [INFO] django.utils.autoreload: Watching for file changes with StatReloader
[2025-03-30 06:31:52,371] [INFO] django.server: "OPTIONS /api/images/upload/ HTTP/1.1" 200 0
[2025-03-30 06:31:52,450] [WARNING] django.request: Unauthorized: /api/images/upload/
[2025-03-30 06:31:52,452] [WARNING] django.server: "POST /api/images/upload/ HTTP/1.1" 401 183
[2025-03-30 06:31:52,459] [INFO] django.server: "OPTIONS /api/auth/token/refresh/ HTTP/1.1" 200 0
[2025-03-30 06:31:52,468] [INFO] django.server: "POST /api/auth/token/refresh/ HTTP/1.1" 200 218
[2025-03-30 06:32:20,746] [INFO] django.server: "POST /api/images/upload/ HTTP/1.1" 201 441
[2025-03-30 06:32:20,755] [INFO] django.server: "OPTIONS /api/images/27/file/ HTTP/1.1" 200 0
[2025-03-30 06:32:20,883] [INFO] django.server: "GET /api/images/27/file/ HTTP/1.1" 200 147642
[2025-03-30 06:32:53,548] [WARNING] django.request: Not Found: /favicon.ico
[2025-03-30 06:32:53,550] [WARNING] django.server: "GET /favicon.ico HTTP/1.1" 404 2438
[2025-03-30 06:32:53,561] [INFO] django.server: "OPTIONS /api/images/admin/images/ HTTP/1.1" 200 0
[2025-03-30 06:33:02,897] [INFO] django.server: "GET /api/images/admin/images/ HTTP/1.1" 200 4442
[2025-03-30 06:33:03,035] [INFO] django.server: "GET /api/images/27/file/ HTTP/1.1" 200 147642
[2025-03-30 06:33:03,043] [INFO] django.server: "OPTIONS /api/images/26/file/ HTTP/1.1" 200 0
[2025-03-30 06:33:03,161] [INFO] django.server: "GET /api/images/26/file/ HTTP/1.1" 200 25737
[2025-03-30 06:33:03,483] [INFO] django.server: "OPTIONS /api/images/25/file/ HTTP/1.1" 200 0
[2025-03-30 06:33:03,660] [INFO] django.server: "GET /api/images/25/file/ HTTP/1.1" 200 46396
[2025-03-30 06:33:03,746] [INFO] django.server: "OPTIONS /api/images/24/file/ HTTP/1.1" 200 0
[2025-03-30 06:33:03,989] [INFO] django.server: "GET /api/images/24/file/ HTTP/1.1" 200 98083
[2025-03-30 06:33:04,002] [INFO] django.server: "OPTIONS /api/images/23/file/ HTTP/1.1" 200 0
[2025-03-30 06:33:04,211] [INFO] django.server: "GET /api/images/23/file/ HTTP/1.1" 200 62273
[2025-03-30 06:33:04,529] [INFO] django.server: "OPTIONS /api/images/22/file/ HTTP/1.1" 200 0
[2025-03-30 06:33:04,652] [INFO] django.server: "GET /api/images/22/file/ HTTP/1.1" 200 27588
[2025-03-30 06:33:04,799] [INFO] django.server: "OPTIONS /api/images/21/file/ HTTP/1.1" 200 0
[2025-03-30 06:33:04,918] [INFO] django.server: "GET /api/images/21/file/ HTTP/1.1" 200 25949
[2025-03-30 06:33:04,967] [INFO] django.server: "OPTIONS /api/images/20/file/ HTTP/1.1" 200 0
[2025-03-30 06:33:09,533] [INFO] django.server: "GET /api/images/20/file/ HTTP/1.1" 200 926776
[2025-03-30 06:33:09,545] [INFO] django.server: "OPTIONS /api/images/19/file/ HTTP/1.1" 200 0
[2025-03-30 06:33:11,941] [INFO] django.server: "GET /api/images/19/file/ HTTP/1.1" 200 2376929
[2025-03-30 06:33:12,256] [INFO] django.server: "OPTIONS /api/images/18/file/ HTTP/1.1" 200 0
[2025-03-30 06:33:17,028] [INFO] django.server: "GET /api/images/18/file/ HTTP/1.1" 200 3140244
[2025-03-30 06:33:48,048] [WARNING] django.request: Not Found: /favicon.ico
[2025-03-30 06:33:48,050] [WARNING] django.server: "GET /favicon.ico HTTP/1.1" 404 2438
[2025-03-30 06:33:49,605] [WARNING] django.request: Not Found: /logo192.png
[2025-03-30 06:33:49,607] [WARNING] django.server: "GET /logo192.png HTTP/1.1" 404 2438
[2025-03-30 06:35:32,908] [INFO] django.server: "POST /api/images/upload/ HTTP/1.1" 201 441
[2025-03-30 06:35:32,915] [INFO] django.server: "OPTIONS /api/images/28/file/ HTTP/1.1" 200 0
[2025-03-30 06:35:33,032] [INFO] django.server: "GET /api/images/28/file/ HTTP/1.1" 200 52714
[2025-03-30 06:35:57,870] [WARNING] django.request: Bad Request: /api/images/upload/
[2025-03-30 06:35:57,872] [WARNING] django.server: "POST /api/images/upload/ HTTP/1.1" 400 82
[2025-03-30 06:36:37,416] [INFO] django.server: "POST /api/images/upload/ HTTP/1.1" 201 441
[2025-03-30 06:36:37,422] [INFO] django.server: "OPTIONS /api/images/29/file/ HTTP/1.1" 200 0
[2025-03-30 06:36:37,546] [INFO] django.server: "GET /api/images/29/file/ HTTP/1.1" 200 12120
[2025-03-30 06:37:20,066] [INFO] django.server: "POST /api/images/upload/ HTTP/1.1" 201 441
[2025-03-30 06:37:20,072] [INFO] django.server: "OPTIONS /api/images/30/file/ HTTP/1.1" 200 0
[2025-03-30 06:37:20,183] [INFO] django.server: "GET /api/images/30/file/ HTTP/1.1" 200 16782
[2025-03-30 06:37:39,583] [INFO] django.server: "GET /api/images/admin/images/ HTTP/1.1" 200 4442
[2025-03-30 06:37:39,701] [INFO] django.server: "GET /api/images/30/file/ HTTP/1.1" 200 16782
[2025-03-30 06:37:40,124] [INFO] django.server: "GET /api/images/29/file/ HTTP/1.1" 200 12120
[2025-03-30 06:37:40,371] [INFO] django.server: "GET /api/images/28/file/ HTTP/1.1" 200 52714
[2025-03-30 06:37:40,551] [INFO] django.server: "GET /api/images/27/file/ HTTP/1.1" 200 147642
[2025-03-30 06:37:40,798] [INFO] django.server: "GET /api/images/26/file/ HTTP/1.1" 200 25737
[2025-03-30 06:37:41,014] [INFO] django.server: "GET /api/images/25/file/ HTTP/1.1" 200 46396
[2025-03-30 06:37:41,323] [INFO] django.server: "GET /api/images/24/file/ HTTP/1.1" 200 98083
[2025-03-30 06:37:41,505] [INFO] django.server: "GET /api/images/23/file/ HTTP/1.1" 200 62273
[2025-03-30 06:37:41,948] [INFO] django.server: "GET /api/images/22/file/ HTTP/1.1" 200 27588
[2025-03-30 06:37:42,200] [INFO] django.server: "GET /api/images/21/file/ HTTP/1.1" 200 25949
[2025-03-30 06:39:16,027] [INFO] django.utils.autoreload: F:\MyProject\backend\apps\images\services\detection_service.py changed, reloading.
[2025-03-30 06:39:18,514] [INFO] django.utils.autoreload: Watching for file changes with StatReloader
[2025-03-30 06:39:32,174] [INFO] django.server: "OPTIONS /api/images/admin/images/27/ HTTP/1.1" 200 0
[2025-03-30 06:39:32,381] [INFO] django.server: "DELETE /api/images/admin/images/27/ HTTP/1.1" 200 26
[2025-03-30 06:39:32,495] [INFO] django.server: "GET /api/images/30/file/ HTTP/1.1" 200 16782
[2025-03-30 06:39:32,650] [INFO] django.server: "GET /api/images/29/file/ HTTP/1.1" 200 12120
[2025-03-30 06:39:33,085] [INFO] django.server: "GET /api/images/28/file/ HTTP/1.1" 200 52714
[2025-03-30 06:39:33,319] [INFO] django.server: "GET /api/images/26/file/ HTTP/1.1" 200 25737
[2025-03-30 06:39:34,310] [INFO] django.server: "OPTIONS /api/images/admin/images/28/ HTTP/1.1" 200 0
[2025-03-30 06:39:34,425] [INFO] django.server: "DELETE /api/images/admin/images/28/ HTTP/1.1" 200 26
[2025-03-30 06:39:34,597] [INFO] django.server: "GET /api/images/25/file/ HTTP/1.1" 200 46396
[2025-03-30 06:39:34,720] [INFO] django.server: "GET /api/images/30/file/ HTTP/1.1" 200 16782
[2025-03-30 06:39:34,968] [INFO] django.server: "GET /api/images/24/file/ HTTP/1.1" 200 98083
[2025-03-30 06:39:35,068] [INFO] django.server: "GET /api/images/29/file/ HTTP/1.1" 200 12120
[2025-03-30 06:39:35,213] [INFO] django.server: "GET /api/images/23/file/ HTTP/1.1" 200 62273
[2025-03-30 06:39:35,400] [INFO] django.server: "GET /api/images/26/file/ HTTP/1.1" 200 25737
[2025-03-30 06:39:35,495] [INFO] django.server: "GET /api/images/22/file/ HTTP/1.1" 200 27588
[2025-03-30 06:39:35,671] [INFO] django.server: "GET /api/images/25/file/ HTTP/1.1" 200 46396
[2025-03-30 06:39:35,831] [INFO] django.server: "GET /api/images/21/file/ HTTP/1.1" 200 25949
[2025-03-30 06:39:36,305] [INFO] django.server: "GET /api/images/24/file/ HTTP/1.1" 200 98083
[2025-03-30 06:39:36,506] [INFO] django.server: "GET /api/images/23/file/ HTTP/1.1" 200 62273
[2025-03-30 06:39:36,936] [INFO] django.server: "GET /api/images/22/file/ HTTP/1.1" 200 27588
[2025-03-30 06:39:37,597] [INFO] django.server: "OPTIONS /api/images/admin/images/29/ HTTP/1.1" 200 0
[2025-03-30 06:39:37,721] [INFO] django.server: "DELETE /api/images/admin/images/29/ HTTP/1.1" 200 26
[2025-03-30 06:39:37,936] [INFO] django.server: "GET /api/images/21/file/ HTTP/1.1" 200 25949
[2025-03-30 06:39:38,121] [INFO] django.server: "GET /api/images/30/file/ HTTP/1.1" 200 16782
[2025-03-30 06:39:38,236] [INFO] django.server: "GET /api/images/26/file/ HTTP/1.1" 200 25737
[2025-03-30 06:39:38,736] [INFO] django.server: "GET /api/images/25/file/ HTTP/1.1" 200 46396
[2025-03-30 06:39:39,500] [INFO] django.server: "OPTIONS /api/images/admin/images/30/ HTTP/1.1" 200 0
[2025-03-30 06:39:39,619] [INFO] django.server: "DELETE /api/images/admin/images/30/ HTTP/1.1" 200 26
[2025-03-30 06:39:39,826] [INFO] django.server: "GET /api/images/24/file/ HTTP/1.1" 200 98083
[2025-03-30 06:39:39,925] [INFO] django.server: "GET /api/images/26/file/ HTTP/1.1" 200 25737
[2025-03-30 06:39:40,113] [INFO] django.server: "GET /api/images/23/file/ HTTP/1.1" 200 62273
[2025-03-30 06:39:40,317] [INFO] django.server: "GET /api/images/25/file/ HTTP/1.1" 200 46396
[2025-03-30 06:39:40,352] [INFO] django.server: "GET /api/images/22/file/ HTTP/1.1" 200 27588
[2025-03-30 06:39:40,645] [INFO] django.server: "GET /api/images/24/file/ HTTP/1.1" 200 98083
[2025-03-30 06:39:40,750] [INFO] django.server: "GET /api/images/21/file/ HTTP/1.1" 200 25949
[2025-03-30 06:39:40,837] [INFO] django.server: "GET /api/images/23/file/ HTTP/1.1" 200 62273
[2025-03-30 06:39:41,078] [INFO] django.server: "GET /api/images/22/file/ HTTP/1.1" 200 27588
[2025-03-30 06:39:41,360] [INFO] django.server: "GET /api/images/21/file/ HTTP/1.1" 200 25949
[2025-03-30 06:40:14,801] [INFO] django.server: "POST /api/images/upload/ HTTP/1.1" 201 397
[2025-03-30 06:40:14,807] [INFO] django.server: "OPTIONS /api/images/31/file/ HTTP/1.1" 200 0
[2025-03-30 06:40:14,921] [INFO] django.server: "GET /api/images/31/file/ HTTP/1.1" 200 12120
[2025-03-31 19:24:48,215] [INFO] django.server: "OPTIONS /api/images/26/file/ HTTP/1.1" 200 0
[2025-03-31 19:24:48,223] [INFO] django.server: "OPTIONS /api/images/admin/images/ HTTP/1.1" 200 0
[2025-03-31 19:24:48,281] [WARNING] django.request: Unauthorized: /api/images/26/file/
[2025-03-31 19:24:48,282] [WARNING] django.request: Unauthorized: /api/images/admin/images/
[2025-03-31 19:24:48,284] [WARNING] django.server: "GET /api/images/26/file/ HTTP/1.1" 401 183
[2025-03-31 19:24:48,285] [WARNING] django.server: "GET /api/images/admin/images/ HTTP/1.1" 401 183
[2025-03-31 19:24:48,297] [INFO] django.server: "OPTIONS /api/auth/token/refresh/ HTTP/1.1" 200 0
[2025-03-31 19:24:48,297] [INFO] django.server: "OPTIONS /api/auth/token/refresh/ HTTP/1.1" 200 0
[2025-03-31 19:24:48,323] [INFO] django.server: "POST /api/auth/token/refresh/ HTTP/1.1" 200 218
[2025-03-31 19:24:48,323] [INFO] django.server: "POST /api/auth/token/refresh/ HTTP/1.1" 200 218
[2025-03-31 19:24:48,568] [INFO] django.server: "GET /api/images/26/file/ HTTP/1.1" 200 25737
[2025-03-31 19:24:48,581] [INFO] django.server: "OPTIONS /api/images/25/file/ HTTP/1.1" 200 0
[2025-03-31 19:24:48,797] [INFO] django.server: "GET /api/images/25/file/ HTTP/1.1" 200 46396
[2025-03-31 19:24:49,118] [INFO] django.server: "OPTIONS /api/images/24/file/ HTTP/1.1" 200 0
[2025-03-31 19:24:49,362] [INFO] django.server: "GET /api/images/24/file/ HTTP/1.1" 200 98083
[2025-03-31 19:24:49,696] [INFO] django.server: "OPTIONS /api/images/23/file/ HTTP/1.1" 200 0
[2025-03-31 19:24:49,908] [INFO] django.server: "GET /api/images/23/file/ HTTP/1.1" 200 62273
[2025-03-31 19:24:50,218] [INFO] django.server: "OPTIONS /api/images/22/file/ HTTP/1.1" 200 0
[2025-03-31 19:24:50,356] [INFO] django.server: "GET /api/images/22/file/ HTTP/1.1" 200 27588
[2025-03-31 19:24:50,681] [INFO] django.server: "OPTIONS /api/images/21/file/ HTTP/1.1" 200 0
[2025-03-31 19:24:51,944] [INFO] django.server: "GET /api/images/21/file/ HTTP/1.1" 200 25949
[2025-03-31 19:24:55,917] [INFO] django.server: "GET /api/images/admin/images/ HTTP/1.1" 200 4398
[2025-03-31 19:24:55,927] [INFO] django.server: "OPTIONS /api/images/31/file/ HTTP/1.1" 200 0
[2025-03-31 19:24:56,052] [INFO] django.server: "GET /api/images/31/file/ HTTP/1.1" 200 12120
[2025-03-31 19:24:56,486] [INFO] django.server: "GET /api/images/26/file/ HTTP/1.1" 200 25737
[2025-03-31 19:24:56,800] [INFO] django.server: "GET /api/images/25/file/ HTTP/1.1" 200 46396
[2025-03-31 19:24:57,016] [INFO] django.server: "GET /api/images/24/file/ HTTP/1.1" 200 98083
[2025-03-31 19:24:57,527] [INFO] django.server: "GET /api/images/23/file/ HTTP/1.1" 200 62273
[2025-03-31 19:24:57,704] [INFO] django.server: "GET /api/images/22/file/ HTTP/1.1" 200 27588
[2025-03-31 19:24:57,965] [INFO] django.server: "GET /api/images/21/file/ HTTP/1.1" 200 25949
[2025-03-31 19:24:58,025] [INFO] django.server: "OPTIONS /api/images/20/file/ HTTP/1.1" 200 0
[2025-03-31 19:25:00,660] [INFO] django.server: "GET /api/images/20/file/ HTTP/1.1" 200 926776
[2025-03-31 19:25:00,674] [INFO] django.server: "OPTIONS /api/images/19/file/ HTTP/1.1" 200 0
[2025-03-31 19:25:02,434] [INFO] django.server: "GET /api/images/19/file/ HTTP/1.1" 200 2376929
[2025-03-31 19:25:02,754] [INFO] django.server: "OPTIONS /api/images/18/file/ HTTP/1.1" 200 0
[2025-03-31 19:25:05,174] [INFO] django.server: "GET /api/images/18/file/ HTTP/1.1" 200 3140244
[2025-03-31 19:27:24,977] [INFO] django.utils.autoreload: F:\MyProject\backend\apps\images\services\detection_service.py changed, reloading.
[2025-03-31 19:27:27,851] [INFO] django.utils.autoreload: Watching for file changes with StatReloader
[2025-03-31 19:39:05,450] [INFO] django.utils.autoreload: F:\MyProject\backend\apps\images\services\detection_service.py changed, reloading.
[2025-03-31 19:39:07,235] [INFO] django.utils.autoreload: Watching for file changes with StatReloader
[2025-03-31 19:59:02,455] [INFO] django.utils.autoreload: F:\MyProject\backend\apps\images\services\detection_service.py changed, reloading.
[2025-03-31 19:59:03,362] [INFO] django.utils.autoreload: Watching for file changes with StatReloader
[2025-03-31 19:59:34,915] [INFO] django.utils.autoreload: F:\MyProject\backend\apps\images\services\detection_service.py changed, reloading.
[2025-03-31 19:59:35,831] [INFO] django.utils.autoreload: Watching for file changes with StatReloader
[2025-03-31 19:59:52,259] [INFO] django.server: "OPTIONS /api/images/admin/images/27/ HTTP/1.1" 200 0
[2025-03-31 19:59:52,320] [WARNING] django.request: Not Found: /api/images/admin/images/27/
[2025-03-31 19:59:52,321] [WARNING] django.server: "DELETE /api/images/admin/images/27/ HTTP/1.1" 404 32
[2025-03-31 20:00:40,329] [INFO] django.server: "OPTIONS /api/images/upload/ HTTP/1.1" 200 0
[2025-03-31 20:00:51,985] [INFO] django.server: "POST /api/images/upload/ HTTP/1.1" 201 440
[2025-03-31 20:00:51,989] [INFO] django.server: "OPTIONS /api/images/32/file/ HTTP/1.1" 200 0
[2025-03-31 20:00:52,042] [INFO] django.server: "GET /api/images/32/file/ HTTP/1.1" 200 22189
[2025-03-31 20:01:34,019] [INFO] django.utils.autoreload: F:\MyProject\backend\apps\images\services\detection_service.py changed, reloading.
[2025-03-31 20:01:35,261] [INFO] django.utils.autoreload: Watching for file changes with StatReloader
[2025-03-31 20:05:49,482] [INFO] django.utils.autoreload: F:\MyProject\backend\apps\images\services\detection_service.py changed, reloading.
[2025-03-31 20:05:50,657] [INFO] django.utils.autoreload: Watching for file changes with StatReloader
[2025-03-31 20:07:02,328] [INFO] django.utils.autoreload: F:\MyProject\backend\apps\images\views.py changed, reloading.
[2025-03-31 20:07:03,394] [INFO] django.utils.autoreload: Watching for file changes with StatReloader
[2025-03-31 20:07:13,585] [WARNING] django.request: Not Found: /favicon.ico
[2025-03-31 20:07:13,586] [WARNING] django.server: "GET /favicon.ico HTTP/1.1" 404 2438
[2025-03-31 20:07:14,077] [WARNING] django.request: Not Found: /logo192.png
[2025-03-31 20:07:14,078] [WARNING] django.server: "GET /logo192.png HTTP/1.1" 404 2438
[2025-03-31 20:07:23,605] [INFO] django.server: "GET /api/images/admin/images/ HTTP/1.1" 200 4397
[2025-03-31 20:07:24,130] [INFO] django.server: "GET /api/images/32/file/ HTTP/1.1" 200 22189
[2025-03-31 20:07:24,194] [INFO] django.server: "GET /api/images/31/file/ HTTP/1.1" 200 12120
[2025-03-31 20:07:24,558] [INFO] django.server: "GET /api/images/26/file/ HTTP/1.1" 200 25737
[2025-03-31 20:07:24,865] [INFO] django.server: "GET /api/images/25/file/ HTTP/1.1" 200 46396
[2025-03-31 20:07:24,990] [INFO] django.server: "GET /api/images/24/file/ HTTP/1.1" 200 98083
[2025-03-31 20:07:25,385] [INFO] django.server: "GET /api/images/23/file/ HTTP/1.1" 200 62273
[2025-03-31 20:07:25,621] [INFO] django.server: "GET /api/images/22/file/ HTTP/1.1" 200 27588
[2025-03-31 20:07:25,753] [INFO] django.server: "GET /api/images/21/file/ HTTP/1.1" 200 25949
[2025-03-31 20:07:27,544] [INFO] django.server: "GET /api/images/20/file/ HTTP/1.1" 200 926776
[2025-03-31 20:07:28,848] [INFO] django.server: "GET /api/images/19/file/ HTTP/1.1" 200 2376929
[2025-03-31 20:08:05,247] [INFO] django.server: "OPTIONS /api/images/admin/images/32/ HTTP/1.1" 200 0
[2025-03-31 20:08:05,304] [INFO] django.server: "DELETE /api/images/admin/images/32/ HTTP/1.1" 200 26
[2025-03-31 20:08:05,354] [INFO] django.server: "GET /api/images/31/file/ HTTP/1.1" 200 12120
[2025-03-31 20:08:05,563] [INFO] django.server: "GET /api/images/26/file/ HTTP/1.1" 200 25737
[2025-03-31 20:08:05,734] [INFO] django.server: "GET /api/images/25/file/ HTTP/1.1" 200 46396
[2025-03-31 20:08:05,965] [INFO] django.server: "GET /api/images/24/file/ HTTP/1.1" 200 98083
[2025-03-31 20:08:06,124] [INFO] django.server: "GET /api/images/23/file/ HTTP/1.1" 200 62273
[2025-03-31 20:08:06,330] [INFO] django.server: "GET /api/images/22/file/ HTTP/1.1" 200 27588
[2025-03-31 20:08:06,487] [INFO] django.server: "GET /api/images/21/file/ HTTP/1.1" 200 25949
[2025-03-31 20:08:08,302] [INFO] django.server: "GET /api/images/20/file/ HTTP/1.1" 200 926776
[2025-03-31 20:08:09,335] [INFO] django.server: "OPTIONS /api/images/admin/images/31/ HTTP/1.1" 200 0
[2025-03-31 20:08:10,488] [INFO] django.server: "DELETE /api/images/admin/images/31/ HTTP/1.1" 200 26
[2025-03-31 20:08:10,531] [INFO] django.server: "GET /api/images/19/file/ HTTP/1.1" 200 2376929
[2025-03-31 20:08:10,548] [INFO] django.server: "GET /api/images/26/file/ HTTP/1.1" 200 25737
[2025-03-31 20:08:10,639] [INFO] django.server: "GET /api/images/25/file/ HTTP/1.1" 200 46396
[2025-03-31 20:08:11,034] [INFO] django.server: "GET /api/images/24/file/ HTTP/1.1" 200 98083
[2025-03-31 20:08:11,285] [INFO] django.server: "GET /api/images/23/file/ HTTP/1.1" 200 62273
[2025-03-31 20:08:11,401] [INFO] django.server: "GET /api/images/22/file/ HTTP/1.1" 200 27588
[2025-03-31 20:08:11,649] [INFO] django.server: "GET /api/images/21/file/ HTTP/1.1" 200 25949
[2025-03-31 20:08:13,557] [INFO] django.server: "GET /api/images/20/file/ HTTP/1.1" 200 926776
[2025-03-31 20:08:14,445] [INFO] django.server: "GET /api/images/19/file/ HTTP/1.1" 200 2376929
[2025-03-31 20:08:50,008] [WARNING] django.request: Bad Request: /api/images/upload/
[2025-03-31 20:08:50,009] [WARNING] django.server: "POST /api/images/upload/ HTTP/1.1" 400 141
[2025-03-31 20:12:31,985] [WARNING] django.request: Not Found: /favicon.ico
[2025-03-31 20:12:31,985] [WARNING] django.server: "GET /favicon.ico HTTP/1.1" 404 2438
[2025-03-31 20:12:32,539] [WARNING] django.request: Not Found: /logo192.png
[2025-03-31 20:12:32,540] [WARNING] django.server: "GET /logo192.png HTTP/1.1" 404 2438
[2025-03-31 20:18:43,738] [WARNING] django.request: Not Found: /favicon.ico
[2025-03-31 20:18:43,739] [WARNING] django.server: "GET /favicon.ico HTTP/1.1" 404 2438
[2025-03-31 20:18:44,202] [WARNING] django.request: Not Found: /logo192.png
[2025-03-31 20:18:44,203] [WARNING] django.server: "GET /logo192.png HTTP/1.1" 404 2438
[2025-03-31 20:18:50,959] [INFO] django.server: "GET /api/images/admin/images/ HTTP/1.1" 200 4445
[2025-03-31 20:18:51,125] [INFO] django.server: "GET /api/images/26/file/ HTTP/1.1" 200 25737
[2025-03-31 20:18:51,230] [INFO] django.server: "GET /api/images/25/file/ HTTP/1.1" 200 46396
[2025-03-31 20:18:51,642] [INFO] django.server: "GET /api/images/24/file/ HTTP/1.1" 200 98083
[2025-03-31 20:18:51,649] [WARNING] django.request: Not Found: /favicon.ico
[2025-03-31 20:18:51,650] [WARNING] django.server: "GET /favicon.ico HTTP/1.1" 404 2438
[2025-03-31 20:18:51,805] [WARNING] django.request: Not Found: /logo192.png
[2025-03-31 20:18:51,806] [WARNING] django.server: "GET /logo192.png HTTP/1.1" 404 2438
[2025-03-31 20:18:51,873] [INFO] django.server: "GET /api/images/23/file/ HTTP/1.1" 200 62273
[2025-03-31 20:18:52,021] [INFO] django.server: "GET /api/images/22/file/ HTTP/1.1" 200 27588
[2025-03-31 20:18:52,243] [INFO] django.server: "GET /api/images/21/file/ HTTP/1.1" 200 25949
[2025-03-31 20:18:52,465] [WARNING] django.request: Not Found: /favicon.ico
[2025-03-31 20:18:52,466] [WARNING] django.server: "GET /favicon.ico HTTP/1.1" 404 2438
[2025-03-31 20:18:52,544] [WARNING] django.request: Not Found: /logo192.png
[2025-03-31 20:18:52,545] [WARNING] django.server: "GET /logo192.png HTTP/1.1" 404 2438
[2025-03-31 20:18:54,730] [INFO] django.server: "GET /api/images/20/file/ HTTP/1.1" 200 926776
[2025-03-31 20:18:55,640] [INFO] django.server: "GET /api/images/19/file/ HTTP/1.1" 200 2376929
[2025-03-31 20:18:58,107] [INFO] django.server: "GET /api/images/18/file/ HTTP/1.1" 200 3140244
[2025-03-31 20:18:58,118] [INFO] django.server: "OPTIONS /api/images/17/file/ HTTP/1.1" 200 0
[2025-03-31 20:19:00,474] [INFO] django.server: "GET /api/images/17/file/ HTTP/1.1" 200 2284140
[2025-03-31 20:19:23,246] [WARNING] django.request: Not Found: /favicon.ico
[2025-03-31 20:19:23,247] [WARNING] django.server: "GET /favicon.ico HTTP/1.1" 404 2438
[2025-03-31 20:19:23,680] [WARNING] django.request: Not Found: /logo192.png
[2025-03-31 20:19:23,680] [WARNING] django.server: "GET /logo192.png HTTP/1.1" 404 2438
[2025-03-31 20:19:46,846] [WARNING] django.request: Bad Request: /api/images/upload/
[2025-03-31 20:19:46,848] [WARNING] django.server: "POST /api/images/upload/ HTTP/1.1" 400 141
[2025-03-31 20:20:47,033] [INFO] django.server: "POST /api/images/upload/ HTTP/1.1" 201 440
[2025-03-31 20:20:47,038] [INFO] django.server: "OPTIONS /api/images/33/file/ HTTP/1.1" 200 0
[2025-03-31 20:20:47,090] [INFO] django.server: "GET /api/images/33/file/ HTTP/1.1" 200 65514
[2025-03-31 20:21:19,300] [WARNING] django.request: Bad Request: /api/images/upload/
[2025-03-31 20:21:19,303] [WARNING] django.server: "POST /api/images/upload/ HTTP/1.1" 400 141
[2025-03-31 20:21:51,588] [WARNING] django.request: Bad Request: /api/images/upload/
[2025-03-31 20:21:51,593] [WARNING] django.server: "POST /api/images/upload/ HTTP/1.1" 400 141
[2025-03-31 20:22:48,220] [INFO] django.server: "GET /api/images/admin/images/ HTTP/1.1" 200 4441
[2025-03-31 20:22:48,316] [INFO] django.server: "GET /api/images/33/file/ HTTP/1.1" 200 65514
[2025-03-31 20:22:48,691] [INFO] django.server: "GET /api/images/26/file/ HTTP/1.1" 200 25737
[2025-03-31 20:22:48,979] [INFO] django.server: "GET /api/images/25/file/ HTTP/1.1" 200 46396
[2025-03-31 20:22:49,092] [INFO] django.server: "GET /api/images/24/file/ HTTP/1.1" 200 98083
[2025-03-31 20:22:49,385] [INFO] django.server: "GET /api/images/23/file/ HTTP/1.1" 200 62273
[2025-03-31 20:22:49,462] [INFO] django.server: "GET /api/images/22/file/ HTTP/1.1" 200 27588
[2025-03-31 20:22:49,757] [INFO] django.server: "GET /api/images/21/file/ HTTP/1.1" 200 25949
[2025-03-31 20:22:51,899] [INFO] django.server: "GET /api/images/20/file/ HTTP/1.1" 200 926776
[2025-03-31 20:22:53,205] [INFO] django.server: "GET /api/images/19/file/ HTTP/1.1" 200 2376929
[2025-03-31 20:22:55,244] [INFO] django.server: "GET /api/images/18/file/ HTTP/1.1" 200 3140244
[2025-03-31 20:30:26,080] [INFO] django.server: "POST /api/images/upload/ HTTP/1.1" 201 441
[2025-03-31 20:30:26,084] [INFO] django.server: "OPTIONS /api/images/34/file/ HTTP/1.1" 200 0
[2025-03-31 20:30:26,140] [INFO] django.server: "GET /api/images/34/file/ HTTP/1.1" 200 773936
[2025-03-31 20:30:50,291] [WARNING] django.request: Bad Request: /api/images/upload/
[2025-03-31 20:30:50,292] [WARNING] django.server: "POST /api/images/upload/ HTTP/1.1" 400 82
[2025-03-31 20:30:58,371] [WARNING] django.request: Bad Request: /api/images/upload/
[2025-03-31 20:30:58,371] [WARNING] django.server: "POST /api/images/upload/ HTTP/1.1" 400 82
[2025-03-31 20:31:52,299] [INFO] django.server: "POST /api/images/upload/ HTTP/1.1" 201 441
[2025-03-31 20:31:52,303] [INFO] django.server: "OPTIONS /api/images/35/file/ HTTP/1.1" 200 0
[2025-03-31 20:31:52,361] [INFO] django.server: "GET /api/images/35/file/ HTTP/1.1" 200 1579661
[2025-03-31 20:32:28,694] [INFO] django.server: "POST /api/images/upload/ HTTP/1.1" 201 441
[2025-03-31 20:32:28,699] [INFO] django.server: "OPTIONS /api/images/36/file/ HTTP/1.1" 200 0
[2025-03-31 20:32:28,759] [INFO] django.server: "GET /api/images/36/file/ HTTP/1.1" 200 1027934
[2025-03-31 20:33:09,791] [INFO] django.server: "POST /api/images/upload/ HTTP/1.1" 201 440
[2025-03-31 20:33:09,798] [INFO] django.server: "OPTIONS /api/images/37/file/ HTTP/1.1" 200 0
[2025-03-31 20:33:09,898] [INFO] django.server: "GET /api/images/37/file/ HTTP/1.1" 200 5454895
[2025-03-31 21:00:14,808] [INFO] django.server: "GET /api/images/admin/images/ HTTP/1.1" 200 4440
[2025-03-31 21:00:15,016] [INFO] django.server: "GET /api/images/37/file/ HTTP/1.1" 200 5454895
[2025-03-31 21:00:15,085] [INFO] django.server: "GET /api/images/36/file/ HTTP/1.1" 200 1027934
[2025-03-31 21:00:15,559] [INFO] django.server: "GET /api/images/35/file/ HTTP/1.1" 200 1579661
[2025-03-31 21:00:15,800] [INFO] django.server: "GET /api/images/34/file/ HTTP/1.1" 200 773936
[2025-03-31 21:00:15,924] [INFO] django.server: "GET /api/images/33/file/ HTTP/1.1" 200 65514
[2025-03-31 21:00:16,180] [INFO] django.server: "GET /api/images/26/file/ HTTP/1.1" 200 25737
[2025-03-31 21:00:16,318] [INFO] django.server: "GET /api/images/25/file/ HTTP/1.1" 200 46396
[2025-03-31 21:00:16,582] [INFO] django.server: "GET /api/images/24/file/ HTTP/1.1" 200 98083
[2025-03-31 21:00:16,712] [INFO] django.server: "GET /api/images/23/file/ HTTP/1.1" 200 62273
[2025-03-31 21:00:16,955] [INFO] django.server: "GET /api/images/22/file/ HTTP/1.1" 200 27588
[2025-03-31 21:02:09,732] [INFO] django.server: "POST /api/images/upload/ HTTP/1.1" 201 441
[2025-03-31 21:02:09,736] [INFO] django.server: "OPTIONS /api/images/38/file/ HTTP/1.1" 200 0
[2025-03-31 21:02:09,911] [INFO] django.server: "GET /api/images/38/file/ HTTP/1.1" 200 5009877
[2025-03-31 21:02:48,505] [INFO] django.server: "POST /api/images/upload/ HTTP/1.1" 201 441
[2025-03-31 21:02:48,508] [INFO] django.server: "OPTIONS /api/images/39/file/ HTTP/1.1" 200 0
[2025-03-31 21:02:48,564] [INFO] django.server: "GET /api/images/39/file/ HTTP/1.1" 200 1074037
[2025-03-31 21:29:34,625] [INFO] django.server: "POST /api/images/upload/ HTTP/1.1" 201 442
[2025-03-31 21:29:34,630] [INFO] django.server: "OPTIONS /api/images/40/file/ HTTP/1.1" 200 0
[2025-03-31 21:29:34,684] [INFO] django.server: "GET /api/images/40/file/ HTTP/1.1" 200 5969
[2025-03-31 21:29:51,930] [INFO] django.server: "POST /api/images/upload/ HTTP/1.1" 201 441
[2025-03-31 21:29:51,935] [INFO] django.server: "OPTIONS /api/images/41/file/ HTTP/1.1" 200 0
[2025-03-31 21:29:52,093] [INFO] django.server: "GET /api/images/41/file/ HTTP/1.1" 200 9814
[2025-03-31 21:32:56,191] [INFO] django.server: "POST /api/images/upload/ HTTP/1.1" 201 442
[2025-03-31 21:32:56,197] [INFO] django.server: "OPTIONS /api/images/42/file/ HTTP/1.1" 200 0
[2025-03-31 21:32:56,255] [INFO] django.server: "GET /api/images/42/file/ HTTP/1.1" 200 9022
[2025-03-31 21:33:21,929] [INFO] django.server: "POST /api/images/upload/ HTTP/1.1" 201 441
[2025-03-31 21:33:21,933] [INFO] django.server: "OPTIONS /api/images/43/file/ HTTP/1.1" 200 0
[2025-03-31 21:33:21,992] [INFO] django.server: "GET /api/images/43/file/ HTTP/1.1" 200 68269
[2025-03-31 21:34:10,923] [INFO] django.server: "POST /api/images/upload/ HTTP/1.1" 201 441
[2025-03-31 21:34:10,927] [INFO] django.server: "OPTIONS /api/images/44/file/ HTTP/1.1" 200 0
[2025-03-31 21:34:11,057] [INFO] django.server: "GET /api/images/44/file/ HTTP/1.1" 200 7384710
[2025-04-01 06:30:24,032] [INFO] django.server: "OPTIONS /api/images/admin/images/ HTTP/1.1" 200 0
[2025-04-01 06:30:24,037] [INFO] django.server: "OPTIONS /api/images/37/file/ HTTP/1.1" 200 0
[2025-04-01 06:30:24,121] [INFO] django.server: "GET /api/images/37/file/ HTTP/1.1" 200 5454895
[2025-04-01 06:30:24,171] [INFO] django.server: "GET /api/images/admin/images/ HTTP/1.1" 200 4444
[2025-04-01 06:30:24,173] [INFO] django.server: "OPTIONS /api/images/36/file/ HTTP/1.1" 200 0
[2025-04-01 06:30:24,240] [INFO] django.server: "GET /api/images/36/file/ HTTP/1.1" 200 1027934
[2025-04-01 06:30:24,277] [INFO] django.server: "OPTIONS /api/images/44/file/ HTTP/1.1" 200 0
[2025-04-01 06:30:24,279] [INFO] django.server: "OPTIONS /api/images/35/file/ HTTP/1.1" 200 0
[2025-04-01 06:30:24,486] [INFO] django.server: "GET /api/images/44/file/ HTTP/1.1" 200 7384710
[2025-04-01 06:30:24,495] [INFO] django.server: "OPTIONS /api/images/43/file/ HTTP/1.1" 200 0
[2025-04-01 06:30:24,506] [INFO] django.server: "GET /api/images/35/file/ HTTP/1.1" 200 1579661
[2025-04-01 06:30:24,557] [INFO] django.server: "OPTIONS /api/images/34/file/ HTTP/1.1" 200 0
[2025-04-01 06:30:24,558] [INFO] django.server: "GET /api/images/43/file/ HTTP/1.1" 200 68269
[2025-04-01 06:30:24,588] [INFO] django.server: "OPTIONS /api/images/42/file/ HTTP/1.1" 200 0
[2025-04-01 06:30:24,621] [INFO] django.server: "GET /api/images/34/file/ HTTP/1.1" 200 773936
[2025-04-01 06:30:24,625] [INFO] django.server: "OPTIONS /api/images/33/file/ HTTP/1.1" 200 0
[2025-04-01 06:30:24,640] [INFO] django.server: "GET /api/images/42/file/ HTTP/1.1" 200 9022
[2025-04-01 06:30:24,677] [INFO] django.server: "GET /api/images/33/file/ HTTP/1.1" 200 65514
[2025-04-01 06:30:24,826] [INFO] django.server: "OPTIONS /api/images/41/file/ HTTP/1.1" 200 0
[2025-04-01 06:30:24,827] [INFO] django.server: "OPTIONS /api/images/26/file/ HTTP/1.1" 200 0
[2025-04-01 06:30:24,881] [INFO] django.server: "GET /api/images/41/file/ HTTP/1.1" 200 9814
[2025-04-01 06:30:24,923] [INFO] django.server: "GET /api/images/26/file/ HTTP/1.1" 200 25737
[2025-04-01 06:30:24,945] [INFO] django.server: "OPTIONS /api/images/40/file/ HTTP/1.1" 200 0
[2025-04-01 06:30:24,948] [INFO] django.server: "OPTIONS /api/images/25/file/ HTTP/1.1" 200 0
[2025-04-01 06:30:25,005] [INFO] django.server: "GET /api/images/40/file/ HTTP/1.1" 200 5969
[2025-04-01 06:30:25,082] [INFO] django.server: "GET /api/images/25/file/ HTTP/1.1" 200 46396
[2025-04-01 06:30:25,132] [INFO] django.server: "OPTIONS /api/images/39/file/ HTTP/1.1" 200 0
[2025-04-01 06:30:25,136] [INFO] django.server: "OPTIONS /api/images/24/file/ HTTP/1.1" 200 0
[2025-04-01 06:30:25,343] [INFO] django.server: "GET /api/images/24/file/ HTTP/1.1" 200 98083
[2025-04-01 06:30:25,349] [INFO] django.server: "OPTIONS /api/images/23/file/ HTTP/1.1" 200 0
[2025-04-01 06:30:25,354] [INFO] django.server: "GET /api/images/39/file/ HTTP/1.1" 200 1074037
[2025-04-01 06:30:25,357] [INFO] django.server: "OPTIONS /api/images/38/file/ HTTP/1.1" 200 0
[2025-04-01 06:30:25,453] [INFO] django.server: "GET /api/images/23/file/ HTTP/1.1" 200 62273
[2025-04-01 06:30:25,455] [INFO] django.server: "GET /api/images/38/file/ HTTP/1.1" 200 5009877
[2025-04-01 06:30:25,457] [INFO] django.server: "OPTIONS /api/images/22/file/ HTTP/1.1" 200 0
[2025-04-01 06:30:25,524] [INFO] django.server: "GET /api/images/22/file/ HTTP/1.1" 200 27588
[2025-04-01 06:30:25,563] [INFO] django.server: "GET /api/images/37/file/ HTTP/1.1" 200 5454895
[2025-04-01 06:30:25,962] [INFO] django.server: "GET /api/images/36/file/ HTTP/1.1" 200 1027934
[2025-04-01 06:30:26,206] [INFO] django.server: "GET /api/images/35/file/ HTTP/1.1" 200 1579661
[2025-04-01 06:30:57,052] [WARNING] django.request: Not Found: /favicon.ico
[2025-04-01 06:30:57,052] [WARNING] django.server: "GET /favicon.ico HTTP/1.1" 404 2438
[2025-04-01 06:30:57,232] [INFO] django.server: "GET /api/images/admin/images/ HTTP/1.1" 200 4444
[2025-04-01 06:30:57,689] [WARNING] django.request: Not Found: /logo192.png
[2025-04-01 06:30:57,690] [WARNING] django.server: "GET /logo192.png HTTP/1.1" 404 2438
[2025-04-01 06:30:57,838] [INFO] django.server: "GET /api/images/44/file/ HTTP/1.1" 200 7384710
[2025-04-01 06:30:58,213] [INFO] django.server: "GET /api/images/43/file/ HTTP/1.1" 200 68269
[2025-04-01 06:30:58,465] [INFO] django.server: "GET /api/images/42/file/ HTTP/1.1" 200 9022
[2025-04-01 06:30:58,600] [INFO] django.server: "GET /api/images/41/file/ HTTP/1.1" 200 9814
[2025-04-01 06:30:58,947] [INFO] django.server: "GET /api/images/40/file/ HTTP/1.1" 200 5969
[2025-04-01 06:30:59,112] [INFO] django.server: "GET /api/images/39/file/ HTTP/1.1" 200 1074037
[2025-04-01 06:30:59,510] [INFO] django.server: "GET /api/images/38/file/ HTTP/1.1" 200 5009877
[2025-04-01 06:30:59,779] [INFO] django.server: "GET /api/images/37/file/ HTTP/1.1" 200 5454895
[2025-04-01 06:30:59,881] [INFO] django.server: "GET /api/images/36/file/ HTTP/1.1" 200 1027934
[2025-04-01 06:31:00,157] [INFO] django.server: "GET /api/images/35/file/ HTTP/1.1" 200 1579661
[2025-04-01 06:31:09,478] [INFO] django.server: "GET /api/images/admin/images/ HTTP/1.1" 200 4444
[2025-04-01 06:31:10,236] [INFO] django.server: "GET /api/images/admin/images/ HTTP/1.1" 200 4444
[2025-04-01 06:31:10,457] [INFO] django.server: "GET /api/images/44/file/ HTTP/1.1" 200 7384710
[2025-04-01 06:31:10,639] [INFO] django.server: "GET /api/images/44/file/ HTTP/1.1" 200 7384710
[2025-04-01 06:31:10,827] [INFO] django.server: "GET /api/images/43/file/ HTTP/1.1" 200 68269
[2025-04-01 06:31:11,213] [INFO] django.server: "GET /api/images/43/file/ HTTP/1.1" 200 68269
[2025-04-01 06:31:11,225] [INFO] django.server: "GET /api/images/42/file/ HTTP/1.1" 200 9022
[2025-04-01 06:31:11,835] [INFO] django.server: "GET /api/images/41/file/ HTTP/1.1" 200 9814
[2025-04-01 06:31:11,836] [INFO] django.server: "GET /api/images/42/file/ HTTP/1.1" 200 9022
[2025-04-01 06:31:12,340] [INFO] django.server: "GET /api/images/40/file/ HTTP/1.1" 200 5969
[2025-04-01 06:31:12,653] [INFO] django.server: "GET /api/images/41/file/ HTTP/1.1" 200 9814
[2025-04-01 06:31:13,137] [INFO] django.server: "GET /api/images/40/file/ HTTP/1.1" 200 5969
[2025-04-01 06:31:13,143] [INFO] django.server: "GET /api/images/39/file/ HTTP/1.1" 200 1074037
[2025-04-01 06:31:13,515] [INFO] django.server: "GET /api/images/39/file/ HTTP/1.1" 200 1074037
[2025-04-01 06:31:13,566] [INFO] django.server: "GET /api/images/38/file/ HTTP/1.1" 200 5009877
[2025-04-01 06:31:13,615] [INFO] django.server: "GET /api/images/38/file/ HTTP/1.1" 200 5009877
[2025-04-01 06:31:14,388] [INFO] django.server: "GET /api/images/37/file/ HTTP/1.1" 200 5454895
[2025-04-01 06:31:14,391] [INFO] django.server: "GET /api/images/37/file/ HTTP/1.1" 200 5454895
[2025-04-01 06:31:14,786] [INFO] django.server: "GET /api/images/36/file/ HTTP/1.1" 200 1027934
[2025-04-01 06:31:14,872] [INFO] django.server: "GET /api/images/admin/images/ HTTP/1.1" 200 4444
[2025-04-01 06:31:14,968] [INFO] django.server: "GET /api/images/36/file/ HTTP/1.1" 200 1027934
[2025-04-01 06:31:15,092] [INFO] django.server: "GET /api/images/44/file/ HTTP/1.1" 200 7384710
[2025-04-01 06:31:15,167] [INFO] django.server: "GET /api/images/35/file/ HTTP/1.1" 200 1579661
[2025-04-01 06:31:15,304] [INFO] django.server: "GET /api/images/43/file/ HTTP/1.1" 200 68269
[2025-04-01 06:31:15,347] [INFO] django.server: "GET /api/images/35/file/ HTTP/1.1" 200 1579661
[2025-04-01 06:31:15,563] [INFO] django.server: "GET /api/images/42/file/ HTTP/1.1" 200 9022
[2025-04-01 06:31:18,229] [INFO] django.server: "GET /api/images/41/file/ HTTP/1.1" 200 9814
[2025-04-01 06:31:18,602] [INFO] django.server: "GET /api/images/40/file/ HTTP/1.1" 200 5969
[2025-04-01 06:31:18,889] [INFO] django.server: "GET /api/images/39/file/ HTTP/1.1" 200 1074037
[2025-04-01 06:31:19,036] [INFO] django.server: "GET /api/images/38/file/ HTTP/1.1" 200 5009877
[2025-04-01 06:31:19,382] [INFO] django.server: "GET /api/images/37/file/ HTTP/1.1" 200 5454895
[2025-04-01 06:31:19,444] [INFO] django.server: "GET /api/images/36/file/ HTTP/1.1" 200 1027934
[2025-04-01 06:31:19,823] [INFO] django.server: "GET /api/images/35/file/ HTTP/1.1" 200 1579661
[2025-04-01 06:31:20,140] [INFO] django.server: "GET /api/images/admin/images/ HTTP/1.1" 200 4444
[2025-04-01 06:31:20,313] [INFO] django.server: "GET /api/images/44/file/ HTTP/1.1" 200 7384710
[2025-04-01 06:31:20,549] [INFO] django.server: "GET /api/images/43/file/ HTTP/1.1" 200 68269
[2025-04-01 06:31:20,911] [INFO] django.server: "GET /api/images/42/file/ HTTP/1.1" 200 9022
[2025-04-01 06:31:21,178] [INFO] django.server: "GET /api/images/41/file/ HTTP/1.1" 200 9814
[2025-04-01 06:31:21,262] [INFO] django.server: "GET /api/images/40/file/ HTTP/1.1" 200 5969
[2025-04-01 06:31:21,535] [INFO] django.server: "GET /api/images/39/file/ HTTP/1.1" 200 1074037
[2025-04-01 06:31:21,671] [INFO] django.server: "GET /api/images/38/file/ HTTP/1.1" 200 5009877
[2025-04-01 06:31:21,971] [INFO] django.server: "GET /api/images/37/file/ HTTP/1.1" 200 5454895
[2025-04-01 06:31:22,052] [INFO] django.server: "GET /api/images/36/file/ HTTP/1.1" 200 1027934
[2025-04-01 06:31:22,434] [INFO] django.server: "GET /api/images/35/file/ HTTP/1.1" 200 1579661
[2025-04-01 06:31:24,856] [INFO] django.server: "GET /api/images/admin/images/ HTTP/1.1" 200 4444
[2025-04-01 06:31:24,977] [INFO] django.server: "GET /api/images/44/file/ HTTP/1.1" 200 7384710
[2025-04-01 06:31:25,335] [INFO] django.server: "GET /api/images/43/file/ HTTP/1.1" 200 68269
[2025-04-01 06:31:25,590] [INFO] django.server: "GET /api/images/42/file/ HTTP/1.1" 200 9022
[2025-04-01 06:31:25,754] [INFO] django.server: "GET /api/images/admin/images/ HTTP/1.1" 200 4444
[2025-04-01 06:31:25,809] [INFO] django.server: "GET /api/images/41/file/ HTTP/1.1" 200 9814
[2025-04-01 06:31:25,960] [INFO] django.server: "GET /api/images/40/file/ HTTP/1.1" 200 5969
[2025-04-01 06:31:26,036] [INFO] django.server: "GET /api/images/44/file/ HTTP/1.1" 200 7384710
[2025-04-01 06:31:26,130] [INFO] django.server: "GET /api/images/39/file/ HTTP/1.1" 200 1074037
[2025-04-01 06:31:26,189] [INFO] django.server: "GET /api/images/43/file/ HTTP/1.1" 200 68269
[2025-04-01 06:31:26,368] [INFO] django.server: "GET /api/images/38/file/ HTTP/1.1" 200 5009877
[2025-04-01 06:31:26,413] [INFO] django.server: "GET /api/images/42/file/ HTTP/1.1" 200 9022
[2025-04-01 06:31:26,539] [INFO] django.server: "GET /api/images/37/file/ HTTP/1.1" 200 5454895
[2025-04-01 06:31:26,567] [INFO] django.server: "GET /api/images/41/file/ HTTP/1.1" 200 9814
[2025-04-01 06:31:26,746] [INFO] django.server: "GET /api/images/36/file/ HTTP/1.1" 200 1027934
[2025-04-01 06:31:26,766] [INFO] django.server: "GET /api/images/40/file/ HTTP/1.1" 200 5969
[2025-04-01 06:31:26,927] [INFO] django.server: "GET /api/images/35/file/ HTTP/1.1" 200 1579661
[2025-04-01 06:31:26,939] [INFO] django.server: "GET /api/images/39/file/ HTTP/1.1" 200 1074037
[2025-04-01 06:31:27,456] [INFO] django.server: "GET /api/images/admin/images/ HTTP/1.1" 200 4444
[2025-04-01 06:31:27,527] [INFO] django.server: "GET /api/images/38/file/ HTTP/1.1" 200 5009877
[2025-04-01 06:31:27,713] [INFO] django.server: "GET /api/images/44/file/ HTTP/1.1" 200 7384710
[2025-04-01 06:31:27,739] [INFO] django.server: "GET /api/images/37/file/ HTTP/1.1" 200 5454895
[2025-04-01 06:31:27,796] [INFO] django.server: "GET /api/images/43/file/ HTTP/1.1" 200 68269
[2025-04-01 06:31:28,139] [INFO] django.server: "GET /api/images/36/file/ HTTP/1.1" 200 1027934
[2025-04-01 06:31:28,163] [INFO] django.server: "GET /api/images/42/file/ HTTP/1.1" 200 9022
[2025-04-01 06:31:28,506] [INFO] django.server: "GET /api/images/35/file/ HTTP/1.1" 200 1579661
[2025-04-01 06:31:28,527] [INFO] django.server: "GET /api/images/41/file/ HTTP/1.1" 200 9814
[2025-04-01 06:31:29,217] [INFO] django.server: "GET /api/images/40/file/ HTTP/1.1" 200 5969
[2025-04-01 06:31:29,493] [INFO] django.server: "GET /api/images/39/file/ HTTP/1.1" 200 1074037
[2025-04-01 06:31:29,649] [INFO] django.server: "GET /api/images/38/file/ HTTP/1.1" 200 5009877
[2025-04-01 06:31:29,891] [INFO] django.server: "GET /api/images/37/file/ HTTP/1.1" 200 5454895
[2025-04-01 06:31:30,030] [INFO] django.server: "GET /api/images/36/file/ HTTP/1.1" 200 1027934
[2025-04-01 06:31:30,265] [INFO] django.server: "GET /api/images/35/file/ HTTP/1.1" 200 1579661
[2025-04-01 06:49:33,471] [INFO] django.server: "OPTIONS /api/images/upload/ HTTP/1.1" 200 0
[2025-04-01 06:49:33,536] [WARNING] django.request: Bad Request: /api/images/upload/
[2025-04-01 06:49:33,536] [WARNING] django.server: "POST /api/images/upload/ HTTP/1.1" 400 82
[2025-04-01 06:50:18,941] [WARNING] django.request: Not Found: /favicon.ico
[2025-04-01 06:50:18,942] [WARNING] django.server: "GET /favicon.ico HTTP/1.1" 404 2438
[2025-04-01 06:50:19,539] [WARNING] django.request: Not Found: /logo192.png
[2025-04-01 06:50:19,540] [WARNING] django.server: "GET /logo192.png HTTP/1.1" 404 2438
[2025-04-01 06:50:23,945] [WARNING] django.request: Bad Request: /api/images/upload/
[2025-04-01 06:50:23,946] [WARNING] django.server: "POST /api/images/upload/ HTTP/1.1" 400 82
[2025-04-01 07:18:32,565] [INFO] django.server: "POST /api/images/upload/ HTTP/1.1" 201 441
[2025-04-01 07:18:32,571] [INFO] django.server: "OPTIONS /api/images/45/file/ HTTP/1.1" 200 0
[2025-04-01 07:18:32,641] [INFO] django.server: "GET /api/images/45/file/ HTTP/1.1" 200 63752
[2025-04-01 11:57:47,563] [INFO] django.server: "OPTIONS /api/images/admin/images/ HTTP/1.1" 200 0
[2025-04-01 11:57:47,571] [INFO] django.server: "OPTIONS /api/images/44/file/ HTTP/1.1" 200 0
[2025-04-01 11:57:47,657] [WARNING] django.request: Not Found: /logo192.png
[2025-04-01 11:57:47,658] [WARNING] django.server: "GET /logo192.png HTTP/1.1" 404 2438
[2025-04-01 11:57:47,842] [INFO] django.server: "GET /api/images/44/file/ HTTP/1.1" 200 7384710
[2025-04-01 11:57:47,849] [INFO] django.server: "OPTIONS /api/images/43/file/ HTTP/1.1" 200 0
[2025-04-01 11:57:47,935] [INFO] django.server: "GET /api/images/43/file/ HTTP/1.1" 200 68269
[2025-04-01 11:57:48,247] [INFO] django.server: "OPTIONS /api/images/42/file/ HTTP/1.1" 200 0
[2025-04-01 11:57:48,320] [INFO] django.server: "GET /api/images/42/file/ HTTP/1.1" 200 9022
[2025-04-01 11:57:48,517] [INFO] django.server: "OPTIONS /api/images/41/file/ HTTP/1.1" 200 0
[2025-04-01 11:57:48,589] [INFO] django.server: "GET /api/images/41/file/ HTTP/1.1" 200 9814
[2025-04-01 11:57:48,652] [INFO] django.server: "OPTIONS /api/images/40/file/ HTTP/1.1" 200 0
[2025-04-01 11:57:48,716] [INFO] django.server: "GET /api/images/40/file/ HTTP/1.1" 200 5969
[2025-04-01 11:57:48,915] [INFO] django.server: "OPTIONS /api/images/39/file/ HTTP/1.1" 200 0
[2025-04-01 11:57:48,993] [INFO] django.server: "GET /api/images/39/file/ HTTP/1.1" 200 1074037
[2025-04-01 11:57:49,022] [INFO] django.server: "OPTIONS /api/images/38/file/ HTTP/1.1" 200 0
[2025-04-01 11:57:49,107] [INFO] django.server: "GET /api/images/38/file/ HTTP/1.1" 200 5009877
[2025-04-01 11:57:49,301] [INFO] django.server: "OPTIONS /api/images/37/file/ HTTP/1.1" 200 0
[2025-04-01 11:57:49,396] [INFO] django.server: "GET /api/images/37/file/ HTTP/1.1" 200 5454895
[2025-04-01 11:57:49,430] [INFO] django.server: "OPTIONS /api/images/36/file/ HTTP/1.1" 200 0
[2025-04-01 11:57:49,600] [INFO] django.server: "GET /api/images/36/file/ HTTP/1.1" 200 1027934
[2025-04-01 11:57:49,710] [INFO] django.server: "OPTIONS /api/images/35/file/ HTTP/1.1" 200 0
[2025-04-01 11:57:49,779] [INFO] django.server: "GET /api/images/35/file/ HTTP/1.1" 200 1579661
